#
# A fatal error has been detected by the Java Runtime Environment:
#
#  EXCEPTION_ACCESS_VIOLATION (0xc0000005) at pc=0x000000006c70c0a6, pid=996, tid=0x00000000000020bc
#
# JRE version: OpenJDK Runtime Environment (8.0_242-b01) (build 1.8.0_242-release-1644-b01)
# Java VM: OpenJDK 64-Bit Server VM (25.242-b01 mixed mode windows-amd64 compressed oops)
# Problematic frame:
# C  [msvcr100.dll+0x3c0a6]
#
# Failed to write core dump. Minidumps are not enabled by default on client versions of Windows
#
# If you would like to submit a bug report, please visit:
#   
#

---------------  T H R E A D  ---------------

Current thread (0x0000000002d09000):  GCTaskThread [stack: 0x00000000131c0000,0x00000000132c0000] [id=8380]

siginfo: ExceptionCode=0xc0000005, reading address 0x00000007c112c000

Registers:
RAX=0x0000000000000010, RBX=0x00000007b33823e0, RCX=0x00000006b5bcac60, RDX=0x000000010b561380
RSP=0x00000000132bf1d8, RBP=0x00000000049841c6, RSI=0x0000000002ddd6c0, RDI=0x00000006a7e21060
R8 =0x0000000016e77e30, R9 =0x0000000000000000, R10=0x0000000000000000, R11=0x00000006a7e21060
R12=0x000000006cdcddd0, R13=0x0000000000000035, R14=0x0000000000000001, R15=0x0000000002d09530
RIP=0x000000006c70c0a6, EFLAGS=0x0000000000010202

Top of Stack: (sp=0x00000000132bf1d8)
0x00000000132bf1d8:   000000006c7b1a63 00000000049841c6
0x00000000132bf1e8:   00000000049841c6 0000000002ddd6c0
0x00000000132bf1f8:   0000000000000035 0000000000000000
0x00000000132bf208:   000000006cb82886 00000007b33823e0
0x00000000132bf218:   0000000000000003 0000000002ddd6c0
0x00000000132bf228:   00000000132bf1b0 00000007a52ae6b8
0x00000000132bf238:   000000006cb82efb 00000006a7e1f060
0x00000000132bf248:   0000000000000400 0000000000000000
0x00000000132bf258:   0000000002cfec01 000000006cdcddd0
0x00000000132bf268:   000000006cb82b20 00000006a7e1d610
0x00000000132bf278:   0000000000000000 0000000002ddd6c0
0x00000000132bf288:   00000000258a7b90 00000006a7e1d610
0x00000000132bf298:   000000006cb834f5 00000007b336ed08
0x00000000132bf2a8:   0000000000000000 0000000002ddd6c0
0x00000000132bf2b8:   000000006cb82a31 00000007b32a5290
0x00000000132bf2c8:   0000000000000005 0000000002ddd6c0 

Instructions: (pc=0x000000006c70c0a6)
0x000000006c70c086:   54 0a 08 4c 0f c3 09 4c 0f c3 51 08 4c 8b 4c 0a
0x000000006c70c096:   10 4c 8b 54 0a 18 4c 0f c3 49 10 4c 0f c3 51 18
0x000000006c70c0a6:   4c 8b 4c 0a 20 4c 8b 54 0a 28 48 83 c1 40 4c 0f
0x000000006c70c0b6:   c3 49 e0 4c 0f c3 51 e8 4c 8b 4c 0a f0 4c 8b 54 


Register to memory mapping:

RAX=0x0000000000000010 is an unknown value
RBX=0x00000007b33823e0 is an oop

[error occurred during error reporting (printing register info), id 0xc0000005]

Stack: [0x00000000131c0000,0x00000000132c0000],  sp=0x00000000132bf1d8,  free space=1020k
Native frames: (J=compiled Java code, j=interpreted, Vv=VM code, C=native code)
C  [msvcr100.dll+0x3c0a6]
V  [jvm.dll+0x1a63]
V  [jvm.dll+0x3d2886]
V  [jvm.dll+0x3d2b20]
V  [jvm.dll+0x3d34f5]
V  [jvm.dll+0x3d60ab]
V  [jvm.dll+0x3c482e]
V  [jvm.dll+0x27276a]
C  [msvcr100.dll+0x21d9f]
C  [msvcr100.dll+0x21e3b]
C  [KERNEL32.DLL+0x17bd4]
C  [ntdll.dll+0x6ce51]


---------------  P R O C E S S  ---------------

Java Threads: ( => current thread )
  0x0000000030d50000 JavaThread "ForkJoinPool-12-worker-0" daemon [_thread_blocked, id=11868, stack(0x00000000320b0000,0x00000000321b0000)]
  0x0000000030d53800 JavaThread "ForkJoinPool-12-worker-3" daemon [_thread_blocked, id=5972, stack(0x0000000031cb0000,0x0000000031db0000)]
  0x0000000030d53000 JavaThread "ForkJoinPool-12-worker-2" daemon [_thread_blocked, id=408, stack(0x0000000031bb0000,0x0000000031cb0000)]
  0x0000000030d4f000 JavaThread "ForkJoinPool-12-worker-1" daemon [_thread_blocked, id=6100, stack(0x0000000024910000,0x0000000024a10000)]
  0x0000000025a2a000 JavaThread "WorkerExecutor Queue Thread 5" [_thread_blocked, id=3484, stack(0x0000000031db0000,0x0000000031eb0000)]
  0x0000000023f0e000 JavaThread "Cache worker for Java compile cache (G:\ANDROID_P\FolderVenturaWealth\VenturaWealth\.gradle\6.1.1\javaCompile)" [_thread_blocked, id=8208, stack(0x000000002d3b0000,0x000000002d4b0000)]
  0x0000000023f0c800 JavaThread "WorkerExecutor Queue Thread 4" [_thread_blocked, id=11400, stack(0x0000000030400000,0x0000000030500000)]
  0x000000002530b800 JavaThread "WorkerExecutor Queue Thread 3" [_thread_blocked, id=10648, stack(0x00000000300c0000,0x00000000301c0000)]
  0x000000002530a000 JavaThread "stdout" [_thread_in_native, id=752, stack(0x000000002f750000,0x000000002f850000)]
  0x000000002530c800 JavaThread "stderr" [_thread_in_native, id=5088, stack(0x000000002f250000,0x000000002f350000)]
  0x0000000025303000 JavaThread "stdout" [_thread_in_native, id=5632, stack(0x000000002eeb0000,0x000000002efb0000)]
  0x0000000025308800 JavaThread "stderr" [_thread_in_native, id=10680, stack(0x000000002e3b0000,0x000000002e4b0000)]
  0x000000002380d800 JavaThread "pool-23-thread-1" [_thread_blocked, id=8908, stack(0x000000002e2b0000,0x000000002e3b0000)]
  0x0000000023804800 JavaThread "WorkerExecutor Queue Thread 2" [_thread_blocked, id=8668, stack(0x000000002d7b0000,0x000000002d8b0000)]
  0x000000002380a000 JavaThread "Cache worker for execution history cache (G:\ANDROID_P\FolderVenturaWealth\VenturaWealth\.gradle\6.1.1\executionHistory)" [_thread_blocked, id=11632, stack(0x000000002d1b0000,0x000000002d2b0000)]
  0x0000000023805800 JavaThread "Execution worker for ':' Thread 3" [_thread_blocked, id=9620, stack(0x000000002ceb0000,0x000000002cfb0000)]
  0x0000000023804000 JavaThread "Execution worker for ':' Thread 2" [_thread_blocked, id=7084, stack(0x000000002cdb0000,0x000000002ceb0000)]
  0x0000000023809000 JavaThread "Execution worker for ':'" [_thread_blocked, id=1220, stack(0x000000002b160000,0x000000002b260000)]
  0x000000002380a800 JavaThread "Cache worker for file content cache (G:\ANDROID_P\FolderVenturaWealth\VenturaWealth\.gradle\6.1.1\fileContent)" [_thread_blocked, id=4612, stack(0x000000002b060000,0x000000002b160000)]
  0x0000000023808800 JavaThread "Cache worker for Build Output Cleanup Cache (G:\ANDROID_P\FolderVenturaWealth\VenturaWealth\.gradle\buildOutputCleanup)" [_thread_blocked, id=1860, stack(0x0000000029ea0000,0x0000000029fa0000)]
  0x0000000023807000 JavaThread "pool-22-thread-1" [_thread_blocked, id=1432, stack(0x000000002c4b0000,0x000000002c5b0000)]
  0x0000000025a34000 JavaThread "Build operations Thread 4" [_thread_blocked, id=7820, stack(0x0000000029b90000,0x0000000029c90000)]
  0x0000000025a31800 JavaThread "Build operations Thread 3" [_thread_blocked, id=7628, stack(0x0000000029890000,0x0000000029990000)]
  0x0000000025a31000 JavaThread "Build operations Thread 2" [_thread_blocked, id=1168, stack(0x0000000028910000,0x0000000028a10000)]
  0x0000000025a34800 JavaThread "Build operations" [_thread_blocked, id=3048, stack(0x0000000028610000,0x0000000028710000)]
  0x0000000025a29800 JavaThread "Cache worker for cache directory md-rule (C:\Users\User\.gradle\caches\6.1.1\md-rule)" [_thread_blocked, id=8928, stack(0x0000000028110000,0x0000000028210000)]
  0x0000000025a30000 JavaThread "Cache worker for cache directory md-supplier (C:\Users\User\.gradle\caches\6.1.1\md-supplier)" [_thread_blocked, id=9972, stack(0x0000000028010000,0x0000000028110000)]
  0x0000000025a28800 JavaThread "Cache worker for file hash cache (G:\ANDROID_P\FolderVenturaWealth\VenturaWealth\.gradle\6.1.1\fileHashes)" [_thread_blocked, id=10932, stack(0x0000000025010000,0x0000000025110000)]
  0x0000000025a2f800 JavaThread "Cache worker for checksums cache (G:\ANDROID_P\FolderVenturaWealth\VenturaWealth\.gradle\checksums)" [_thread_blocked, id=8872, stack(0x0000000024f10000,0x0000000025010000)]
  0x0000000025a2e000 JavaThread "Thread-203" [_thread_blocked, id=9288, stack(0x0000000024a10000,0x0000000024b10000)]
  0x0000000025a26800 JavaThread "Asynchronous log dispatcher for DefaultDaemonConnection: socket connection from /127.0.0.1:55837 to /127.0.0.1:61912" [_thread_blocked, id=6492, stack(0x0000000023040000,0x0000000023140000)]
  0x0000000025a2d000 JavaThread "Daemon worker Thread 8" [_thread_blocked, id=1668, stack(0x0000000022f40000,0x0000000023040000)]
  0x0000000025a2c800 JavaThread "Cancel handler" [_thread_blocked, id=11124, stack(0x0000000022e40000,0x0000000022f40000)]
  0x0000000025a2b000 JavaThread "Handler for socket connection from /127.0.0.1:55837 to /127.0.0.1:61912" [_thread_in_native, id=6392, stack(0x0000000022d40000,0x0000000022e40000)]
  0x0000000025a2b800 JavaThread "Daemon Thread 8" [_thread_blocked, id=684, stack(0x0000000022c40000,0x0000000022d40000)]
  0x0000000023f0f000 JavaThread "Cache worker for Java compile cache (C:\Users\User\.gradle\caches\6.1.1\javaCompile)" [_thread_blocked, id=9960, stack(0x000000002d6b0000,0x000000002d7b0000)]
  0x0000000025307000 JavaThread "Cache worker for file content cache (C:\Users\User\.gradle\caches\6.1.1\fileContent)" [_thread_blocked, id=8364, stack(0x0000000029310000,0x0000000029410000)]
  0x0000000025304800 JavaThread "Memory manager" [_thread_blocked, id=76, stack(0x0000000029210000,0x0000000029310000)]
  0x000000002062c800 JavaThread "Cache worker for execution history cache (C:\Users\User\.gradle\caches\6.1.1\executionHistory)" [_thread_blocked, id=8204, stack(0x0000000025110000,0x0000000025210000)]
  0x000000002062f800 JavaThread "Cache worker for file hash cache (C:\Users\User\.gradle\caches\6.1.1\fileHashes)" [_thread_blocked, id=1040, stack(0x0000000023540000,0x0000000023640000)]
  0x0000000020633000 JavaThread "File lock request listener" [_thread_in_native, id=4824, stack(0x0000000023440000,0x0000000023540000)]
  0x00000000213d2800 JavaThread "Cache worker for journal cache (C:\Users\User\.gradle\caches\journal-1)" [_thread_blocked, id=124, stack(0x0000000023340000,0x0000000023440000)]
  0x000000002128e000 JavaThread "Daemon periodic checks" [_thread_blocked, id=10144, stack(0x0000000022740000,0x0000000022840000)]
  0x000000002128c800 JavaThread "Incoming local TCP Connector on port 55837" [_thread_in_native, id=6240, stack(0x000000001f7c0000,0x000000001f8c0000)]
  0x00000000210ee800 JavaThread "Daemon health stats" [_thread_blocked, id=5032, stack(0x000000001f6c0000,0x000000001f7c0000)]
  0x000000001f100800 JavaThread "Service Thread" daemon [_thread_blocked, id=7448, stack(0x000000001f4c0000,0x000000001f5c0000)]
  0x000000001d77b000 JavaThread "C1 CompilerThread2" daemon [_thread_blocked, id=6324, stack(0x000000001efc0000,0x000000001f0c0000)]
  0x000000001d76b800 JavaThread "C2 CompilerThread1" daemon [_thread_blocked, id=9604, stack(0x000000001eec0000,0x000000001efc0000)]
  0x000000001d765000 JavaThread "C2 CompilerThread0" daemon [_thread_blocked, id=9116, stack(0x000000001edc0000,0x000000001eec0000)]
  0x000000001d763800 JavaThread "Attach Listener" daemon [_thread_blocked, id=5956, stack(0x000000001ecc0000,0x000000001edc0000)]
  0x000000001d762800 JavaThread "Signal Dispatcher" daemon [_thread_blocked, id=11204, stack(0x000000001ebc0000,0x000000001ecc0000)]
  0x0000000002dec800 JavaThread "Finalizer" daemon [_thread_blocked, id=2560, stack(0x000000001e9c0000,0x000000001eac0000)]
  0x000000001d749000 JavaThread "Reference Handler" daemon [_thread_blocked, id=2288, stack(0x000000001e8c0000,0x000000001e9c0000)]
  0x0000000002b8e000 JavaThread "main" [_thread_blocked, id=11664, stack(0x0000000002b90000,0x0000000002c90000)]

Other Threads:
  0x000000001d726800 VMThread [stack: 0x000000001e7c0000,0x000000001e8c0000] [id=10960]
  0x000000001d7bd000 WatcherThread [stack: 0x000000001f5c0000,0x000000001f6c0000] [id=708]

=>0x0000000002d09000 (exited) GCTaskThread [stack: 0x00000000131c0000,0x00000000132c0000] [id=8380]

VM state:at safepoint (normal execution)

VM Mutex/Monitor currently owned by a thread:  ([mutex/lock_event])
[0x0000000002b8cde0] Threads_lock - owner thread: 0x000000001d726800
[0x0000000002b8cee0] Heap_lock - owner thread: 0x0000000030d50000

heap address: 0x00000006a0000000, size: 4608 MB, Compressed Oops mode: Zero based, Oop shift amount: 3
Narrow klass base: 0x0000000000000000, Narrow klass shift: 3
Compressed class space size: 1073741824 Address: 0x00000007c0000000

Heap:
 PSYoungGen      total 1287168K, used 1222283K [0x0000000760000000, 0x00000007c0000000, 0x00000007c0000000)
  eden space 1037312K, 100% used [0x0000000760000000,0x000000079f500000,0x000000079f500000)
  from space 249856K, 74% used [0x00000007b0c00000,0x00000007bc0a2ce8,0x00000007c0000000)
  to   space 267776K, 53% used [0x000000079f500000,0x00000007a817cfb8,0x00000007afa80000)
 ParOldGen       total 1117696K, used 731703K [0x00000006a0000000, 0x00000006e4380000, 0x0000000760000000)
  object space 1117696K, 65% used [0x00000006a0000000,0x00000006cca8de90,0x00000006e4380000)
 Metaspace       used 131592K, capacity 139234K, committed 139432K, reserved 1171456K
  class space    used 16055K, capacity 17506K, committed 17584K, reserved 1048576K

Card table byte_map: [0x00000000121b0000,0x0000000012ac0000] byte_map_base: 0x000000000ecb0000

Marking Bits: (ParMarkBitMap*) 0x000000006cf7f030
 Begin Bits: [0x00000000134c0000, 0x0000000017cc0000)
 End Bits:   [0x0000000017cc0000, 0x000000001c4c0000)

Polling page: 0x0000000000e70000

CodeCache: size=245760Kb used=108295Kb max_used=108479Kb free=137464Kb
 bounds [0x0000000002df0000, 0x0000000009900000, 0x0000000011df0000]
 total_blobs=27766 nmethods=26820 adapters=857
 compilation: enabled

Compilation events (10 events):
Event: 4581.710 Thread 0x000000001d765000 nmethod 37354 0x0000000009276c50 code [0x0000000009276da0, 0x00000000092772b8]
Event: 4581.710 Thread 0x000000001d765000 37366       4       com.android.tools.r8.v.a.a.a.h.F0::g (325 bytes)
Event: 4581.712 Thread 0x000000001d77b000 37370 % !   3       com.android.tools.r8.graph.b0::Y @ 68 (214 bytes)
Event: 4581.713 Thread 0x000000001d77b000 nmethod 37370% 0x0000000008c90250 code [0x0000000008c904e0, 0x0000000008c91788]
Event: 4581.713 Thread 0x000000001d77b000 37372       3       com.android.tools.r8.graph.h0$m::hashCode (9 bytes)
Event: 4581.713 Thread 0x000000001d77b000 nmethod 37372 0x00000000092768d0 code [0x0000000009276a20, 0x0000000009276b90]
Event: 4581.719 Thread 0x000000001d765000 nmethod 37366 0x0000000008c8ed90 code [0x0000000008c8ef40, 0x0000000008c8fac8]
Event: 4581.719 Thread 0x000000001d765000 37368       4       com.android.tools.r8.graph.b0::b0 (40 bytes)
Event: 4581.720 Thread 0x000000001d765000 nmethod 37368 0x000000000661d690 code [0x000000000661d7c0, 0x000000000661d838]
Event: 4581.720 Thread 0x000000001d765000 37369       4       com.android.tools.r8.dex.r$$Lambda$986/1175161635::accept (12 bytes)

GC Heap History (10 events):
Event: 4515.320 GC heap after
Heap after GC invocations=41 (full 9):
 PSYoungGen      total 1245696K, used 220589K [0x0000000760000000, 0x00000007c0000000, 0x00000007c0000000)
  eden space 984576K, 0% used [0x0000000760000000,0x0000000760000000,0x000000079c180000)
  from space 261120K, 84% used [0x00000007adf80000,0x00000007bb6eb490,0x00000007bde80000)
  to   space 292864K, 0% used [0x000000079c180000,0x000000079c180000,0x00000007adf80000)
 ParOldGen       total 515072K, used 105372K [0x00000006a0000000, 0x00000006bf700000, 0x0000000760000000)
  object space 515072K, 20% used [0x00000006a0000000,0x00000006a66e7048,0x00000006bf700000)
 Metaspace       used 129229K, capacity 136060K, committed 136360K, reserved 1169408K
  class space    used 15713K, capacity 17041K, committed 17072K, reserved 1048576K
}
Event: 4540.745 GC heap before
{Heap before GC invocations=42 (full 9):
 PSYoungGen      total 1245696K, used 1205165K [0x0000000760000000, 0x00000007c0000000, 0x00000007c0000000)
  eden space 984576K, 100% used [0x0000000760000000,0x000000079c180000,0x000000079c180000)
  from space 261120K, 84% used [0x00000007adf80000,0x00000007bb6eb490,0x00000007bde80000)
  to   space 292864K, 0% used [0x000000079c180000,0x000000079c180000,0x00000007adf80000)
 ParOldGen       total 515072K, used 105372K [0x00000006a0000000, 0x00000006bf700000, 0x0000000760000000)
  object space 515072K, 20% used [0x00000006a0000000,0x00000006a66e7048,0x00000006bf700000)
 Metaspace       used 129321K, capacity 136248K, committed 136360K, reserved 1169408K
  class space    used 15729K, capacity 17061K, committed 17072K, reserved 1048576K
Event: 4540.825 GC heap after
Heap after GC invocations=42 (full 9):
 PSYoungGen      total 1277440K, used 91644K [0x0000000760000000, 0x00000007bfd00000, 0x00000007c0000000)
  eden space 984576K, 0% used [0x0000000760000000,0x0000000760000000,0x000000079c180000)
  from space 292864K, 31% used [0x000000079c180000,0x00000007a1aff0d8,0x00000007adf80000)
  to   space 275456K, 0% used [0x00000007af000000,0x00000007af000000,0x00000007bfd00000)
 ParOldGen       total 515072K, used 105372K [0x00000006a0000000, 0x00000006bf700000, 0x0000000760000000)
  object space 515072K, 20% used [0x00000006a0000000,0x00000006a66e7048,0x00000006bf700000)
 Metaspace       used 129321K, capacity 136248K, committed 136360K, reserved 1169408K
  class space    used 15729K, capacity 17061K, committed 17072K, reserved 1048576K
}
Event: 4544.897 GC heap before
{Heap before GC invocations=43 (full 9):
 PSYoungGen      total 1277440K, used 1076220K [0x0000000760000000, 0x00000007bfd00000, 0x00000007c0000000)
  eden space 984576K, 100% used [0x0000000760000000,0x000000079c180000,0x000000079c180000)
  from space 292864K, 31% used [0x000000079c180000,0x00000007a1aff0d8,0x00000007adf80000)
  to   space 275456K, 0% used [0x00000007af000000,0x00000007af000000,0x00000007bfd00000)
 ParOldGen       total 515072K, used 105372K [0x00000006a0000000, 0x00000006bf700000, 0x0000000760000000)
  object space 515072K, 20% used [0x00000006a0000000,0x00000006a66e7048,0x00000006bf700000)
 Metaspace       used 129904K, capacity 137006K, committed 137128K, reserved 1169408K
  class space    used 15838K, capacity 17230K, committed 17328K, reserved 1048576K
Event: 4544.937 GC heap after
Heap after GC invocations=43 (full 9):
 PSYoungGen      total 1241088K, used 68996K [0x0000000760000000, 0x00000007bd700000, 0x00000007c0000000)
  eden space 1004544K, 0% used [0x0000000760000000,0x0000000760000000,0x000000079d500000)
  from space 236544K, 29% used [0x00000007af000000,0x00000007b3361008,0x00000007bd700000)
  to   space 263168K, 0% used [0x000000079d500000,0x000000079d500000,0x00000007ad600000)
 ParOldGen       total 515072K, used 105372K [0x00000006a0000000, 0x00000006bf700000, 0x0000000760000000)
  object space 515072K, 20% used [0x00000006a0000000,0x00000006a66e7048,0x00000006bf700000)
 Metaspace       used 129904K, capacity 137006K, committed 137128K, reserved 1169408K
  class space    used 15838K, capacity 17230K, committed 17328K, reserved 1048576K
}
Event: 4548.197 GC heap before
{Heap before GC invocations=44 (full 9):
 PSYoungGen      total 1241088K, used 1073540K [0x0000000760000000, 0x00000007bd700000, 0x00000007c0000000)
  eden space 1004544K, 100% used [0x0000000760000000,0x000000079d500000,0x000000079d500000)
  from space 236544K, 29% used [0x00000007af000000,0x00000007b3361008,0x00000007bd700000)
  to   space 263168K, 0% used [0x000000079d500000,0x000000079d500000,0x00000007ad600000)
 ParOldGen       total 515072K, used 105372K [0x00000006a0000000, 0x00000006bf700000, 0x0000000760000000)
  object space 515072K, 20% used [0x00000006a0000000,0x00000006a66e7048,0x00000006bf700000)
 Metaspace       used 129955K, capacity 137086K, committed 137384K, reserved 1169408K
  class space    used 15840K, capacity 17234K, committed 17328K, reserved 1048576K
Event: 4548.242 GC heap after
Heap after GC invocations=44 (full 9):
 PSYoungGen      total 1267712K, used 78446K [0x0000000760000000, 0x00000007c0000000, 0x00000007c0000000)
  eden space 1004544K, 0% used [0x0000000760000000,0x0000000760000000,0x000000079d500000)
  from space 263168K, 29% used [0x000000079d500000,0x00000007a219b9e8,0x00000007ad600000)
  to   space 249856K, 0% used [0x00000007b0c00000,0x00000007b0c00000,0x00000007c0000000)
 ParOldGen       total 515072K, used 105372K [0x00000006a0000000, 0x00000006bf700000, 0x0000000760000000)
  object space 515072K, 20% used [0x00000006a0000000,0x00000006a66e7048,0x00000006bf700000)
 Metaspace       used 129955K, capacity 137086K, committed 137384K, reserved 1169408K
  class space    used 15840K, capacity 17234K, committed 17328K, reserved 1048576K
}
Event: 4561.815 GC heap before
{Heap before GC invocations=45 (full 9):
 PSYoungGen      total 1267712K, used 1082990K [0x0000000760000000, 0x00000007c0000000, 0x00000007c0000000)
  eden space 1004544K, 100% used [0x0000000760000000,0x000000079d500000,0x000000079d500000)
  from space 263168K, 29% used [0x000000079d500000,0x00000007a219b9e8,0x00000007ad600000)
  to   space 249856K, 0% used [0x00000007b0c00000,0x00000007b0c00000,0x00000007c0000000)
 ParOldGen       total 515072K, used 105372K [0x00000006a0000000, 0x00000006bf700000, 0x0000000760000000)
  object space 515072K, 20% used [0x00000006a0000000,0x00000006a66e7048,0x00000006bf700000)
 Metaspace       used 130601K, capacity 137818K, committed 138024K, reserved 1169408K
  class space    used 15934K, capacity 17362K, committed 17456K, reserved 1048576K
Event: 4562.338 GC heap after
Heap after GC invocations=45 (full 9):
 PSYoungGen      total 1287168K, used 184971K [0x0000000760000000, 0x00000007c0000000, 0x00000007c0000000)
  eden space 1037312K, 0% used [0x0000000760000000,0x0000000760000000,0x000000079f500000)
  from space 249856K, 74% used [0x00000007b0c00000,0x00000007bc0a2ce8,0x00000007c0000000)
  to   space 267776K, 0% used [0x000000079f500000,0x000000079f500000,0x00000007afa80000)
 ParOldGen       total 515072K, used 108930K [0x00000006a0000000, 0x00000006bf700000, 0x0000000760000000)
  object space 515072K, 21% used [0x00000006a0000000,0x00000006a6a609a8,0x00000006bf700000)
 Metaspace       used 130601K, capacity 137818K, committed 138024K, reserved 1169408K
  class space    used 15934K, capacity 17362K, committed 17456K, reserved 1048576K
}
Event: 4581.780 GC heap before
{Heap before GC invocations=46 (full 9):
 PSYoungGen      total 1287168K, used 1222283K [0x0000000760000000, 0x00000007c0000000, 0x00000007c0000000)
  eden space 1037312K, 100% used [0x0000000760000000,0x000000079f500000,0x000000079f500000)
  from space 249856K, 74% used [0x00000007b0c00000,0x00000007bc0a2ce8,0x00000007c0000000)
  to   space 267776K, 0% used [0x000000079f500000,0x000000079f500000,0x00000007afa80000)
 ParOldGen       total 515072K, used 108930K [0x00000006a0000000, 0x00000006bf700000, 0x0000000760000000)
  object space 515072K, 21% used [0x00000006a0000000,0x00000006a6a609a8,0x00000006bf700000)
 Metaspace       used 131592K, capacity 139234K, committed 139432K, reserved 1171456K
  class space    used 16055K, capacity 17506K, committed 17584K, reserved 1048576K

Deoptimization events (10 events):
Event: 4581.308 Thread 0x0000000023804800 Uncommon trap: reason=unstable_if action=reinterpret pc=0x0000000006377860 method=com.android.tools.r8.graph.e0.c(Lcom/android/tools/r8/graph/e0;)I @ 80
Event: 4581.325 Thread 0x0000000023804800 Uncommon trap: reason=uninitialized action=reinterpret pc=0x00000000080a8fcc method=com.android.tools.r8.graph.h0.a(Lcom/android/tools/r8/graph/f0;)Lcom/android/tools/r8/graph/h0; @ 143
Event: 4581.380 Thread 0x0000000023804800 Uncommon trap: reason=unstable_if action=reinterpret pc=0x0000000006021bb0 method=com.android.tools.r8.dex.P.a(I)Z @ 8
Event: 4581.471 Thread 0x0000000023804800 Uncommon trap: reason=unstable_if action=reinterpret pc=0x00000000064d4aa8 method=com.android.tools.r8.graph.e0.c(Lcom/android/tools/r8/graph/e0;)I @ 57
Event: 4581.471 Thread 0x0000000023804800 Uncommon trap: reason=unstable_if action=reinterpret pc=0x0000000009580ec8 method=com.android.tools.r8.graph.e0.c(Lcom/android/tools/r8/graph/e0;)I @ 57
Event: 4581.645 Thread 0x0000000030d50000 Uncommon trap: reason=class_check action=maybe_recompile pc=0x0000000008af286c method=java.util.concurrent.ConcurrentHashMap.get(Ljava/lang/Object;)Ljava/lang/Object; @ 93
Event: 4581.650 Thread 0x0000000030d50000 Uncommon trap: reason=class_check action=maybe_recompile pc=0x0000000008af286c method=java.util.concurrent.ConcurrentHashMap.get(Ljava/lang/Object;)Ljava/lang/Object; @ 93
Event: 4581.650 Thread 0x0000000030d53800 Uncommon trap: reason=class_check action=maybe_recompile pc=0x0000000008af286c method=java.util.concurrent.ConcurrentHashMap.get(Ljava/lang/Object;)Ljava/lang/Object; @ 93
Event: 4581.662 Thread 0x0000000030d53800 Uncommon trap: reason=class_check action=maybe_recompile pc=0x0000000008af286c method=java.util.concurrent.ConcurrentHashMap.get(Ljava/lang/Object;)Ljava/lang/Object; @ 93
Event: 4581.711 Thread 0x0000000030d50000 Uncommon trap: reason=uninitialized action=reinterpret pc=0x000000000487facc method=com.android.tools.r8.graph.h0.a(Lcom/android/tools/r8/graph/f0;)Lcom/android/tools/r8/graph/h0; @ 147

Classes redefined (0 events):
No events

Internal exceptions (10 events):
Event: 4548.726 Thread 0x0000000025a2a000 Exception <a 'sun/nio/fs/WindowsException'> (0x000000077173f868) thrown at [C:\src\AOSP-openjdk-git\hotspot\src\share\vm\prims\jni.cpp, line 710]
Event: 4548.727 Thread 0x0000000025a2a000 Exception <a 'sun/nio/fs/WindowsException'> (0x0000000771787610) thrown at [C:\src\AOSP-openjdk-git\hotspot\src\share\vm\prims\jni.cpp, line 710]
Event: 4548.727 Thread 0x0000000025a2a000 Exception <a 'sun/nio/fs/WindowsException'> (0x00000007717cd488) thrown at [C:\src\AOSP-openjdk-git\hotspot\src\share\vm\prims\jni.cpp, line 710]
Event: 4548.727 Thread 0x0000000025a2a000 Exception <a 'sun/nio/fs/WindowsException'> (0x0000000771815400) thrown at [C:\src\AOSP-openjdk-git\hotspot\src\share\vm\prims\jni.cpp, line 710]
Event: 4548.728 Thread 0x0000000025a2a000 Exception <a 'sun/nio/fs/WindowsException'> (0x000000077182c778) thrown at [C:\src\AOSP-openjdk-git\hotspot\src\share\vm\prims\jni.cpp, line 710]
Event: 4548.729 Thread 0x0000000025a2a000 Exception <a 'sun/nio/fs/WindowsException'> (0x00000007718c4ac8) thrown at [C:\src\AOSP-openjdk-git\hotspot\src\share\vm\prims\jni.cpp, line 710]
Event: 4548.730 Thread 0x0000000025a2a000 Exception <a 'sun/nio/fs/WindowsException'> (0x000000077190d470) thrown at [C:\src\AOSP-openjdk-git\hotspot\src\share\vm\prims\jni.cpp, line 710]
Event: 4548.730 Thread 0x0000000025a2a000 Exception <a 'sun/nio/fs/WindowsException'> (0x00000007719572f0) thrown at [C:\src\AOSP-openjdk-git\hotspot\src\share\vm\prims\jni.cpp, line 710]
Event: 4558.958 Thread 0x0000000023809000 Exception <a 'java/lang/NoSuchMethodError': <clinit>> (0x000000076e99ee58) thrown at [C:\src\AOSP-openjdk-git\hotspot\src\share\vm\prims\jni.cpp, line 1615]
Event: 4580.111 Thread 0x0000000023804800 Exception <a 'sun/nio/fs/WindowsException'> (0x00000007891ae810) thrown at [C:\src\AOSP-openjdk-git\hotspot\src\share\vm\prims\jni.cpp, line 710]

Events (10 events):
Event: 4581.712 Thread 0x0000000030d50000 DEOPT UNPACKING pc=0x0000000002e3557b sp=0x00000000321ae760 mode 2
Event: 4581.714 Thread 0x0000000030d50000 DEOPT PACKING pc=0x0000000004ee65ed sp=0x00000000321ae810
Event: 4581.714 Thread 0x0000000030d50000 DEOPT UNPACKING pc=0x0000000002e375d0 sp=0x00000000321ae600 mode 0
Event: 4581.716 Thread 0x0000000030d50000 DEOPT PACKING pc=0x0000000004ee65ed sp=0x00000000321ae810
Event: 4581.716 Thread 0x0000000030d50000 DEOPT UNPACKING pc=0x0000000002e375d0 sp=0x00000000321ae600 mode 0
Event: 4581.718 Thread 0x0000000030d50000 DEOPT PACKING pc=0x0000000004ee6563 sp=0x00000000321ae810
Event: 4581.718 Thread 0x0000000030d50000 DEOPT UNPACKING pc=0x0000000002e375d0 sp=0x00000000321ae600 mode 0
Event: 4581.730 Thread 0x0000000030d50000 DEOPT PACKING pc=0x0000000004f0f682 sp=0x00000000321ae720
Event: 4581.730 Thread 0x0000000030d50000 DEOPT UNPACKING pc=0x0000000002e375d0 sp=0x00000000321ae510 mode 0
Event: 4581.753 Executing VM operation: ParallelGCFailedAllocation


Dynamic libraries:
0x00007ff781f60000 - 0x00007ff781f91000 	G:\INSTALLED\AndroidStudio\jre\bin\java.exe
0x00007ffb06220000 - 0x00007ffb06410000 	C:\WINDOWS\SYSTEM32\ntdll.dll
0x00007ffb05cc0000 - 0x00007ffb05d72000 	C:\WINDOWS\System32\KERNEL32.DLL
0x00007ffb037c0000 - 0x00007ffb03a65000 	C:\WINDOWS\System32\KERNELBASE.dll
0x00007ffb04cb0000 - 0x00007ffb04d53000 	C:\WINDOWS\System32\ADVAPI32.dll
0x00007ffb05d80000 - 0x00007ffb05e1e000 	C:\WINDOWS\System32\msvcrt.dll
0x00007ffb05bc0000 - 0x00007ffb05c57000 	C:\WINDOWS\System32\sechost.dll
0x00007ffb060c0000 - 0x00007ffb061e0000 	C:\WINDOWS\System32\RPCRT4.dll
0x00007ffb05810000 - 0x00007ffb059a5000 	C:\WINDOWS\System32\USER32.dll
0x00007ffb03280000 - 0x00007ffb032a1000 	C:\WINDOWS\System32\win32u.dll
0x00007ffb059b0000 - 0x00007ffb059d6000 	C:\WINDOWS\System32\GDI32.dll
0x00007ffb03620000 - 0x00007ffb037b6000 	C:\WINDOWS\System32\gdi32full.dll
0x00007ffb032e0000 - 0x00007ffb0337e000 	C:\WINDOWS\System32\msvcp_win.dll
0x00007ffb03380000 - 0x00007ffb0347a000 	C:\WINDOWS\System32\ucrtbase.dll
0x00007ffb02500000 - 0x00007ffb02784000 	C:\WINDOWS\WinSxS\amd64_microsoft.windows.common-controls_6595b64144ccf1df_6.0.18362.1082_none_9e8193e1e45b25c1\COMCTL32.dll
0x00007ffb04d60000 - 0x00007ffb05095000 	C:\WINDOWS\System32\combase.dll
0x00007ffb03a70000 - 0x00007ffb03af0000 	C:\WINDOWS\System32\bcryptPrimitives.dll
0x00007ffb04c80000 - 0x00007ffb04cae000 	C:\WINDOWS\System32\IMM32.DLL
0x000000006c6d0000 - 0x000000006c7a2000 	G:\INSTALLED\AndroidStudio\jre\jre\bin\msvcr100.dll
0x000000006c7b0000 - 0x000000006cffb000 	G:\INSTALLED\AndroidStudio\jre\jre\bin\server\jvm.dll
0x00007ffb05800000 - 0x00007ffb05808000 	C:\WINDOWS\System32\PSAPI.DLL
0x00007ffb02970000 - 0x00007ffb02979000 	C:\WINDOWS\SYSTEM32\WSOCK32.dll
0x00007ffb04c10000 - 0x00007ffb04c7f000 	C:\WINDOWS\System32\WS2_32.dll
0x00007ffb00540000 - 0x00007ffb00564000 	C:\WINDOWS\SYSTEM32\WINMM.dll
0x00007ffaf4380000 - 0x00007ffaf438a000 	C:\WINDOWS\SYSTEM32\VERSION.dll
0x00007ffb00170000 - 0x00007ffb0019d000 	C:\WINDOWS\SYSTEM32\winmmbase.dll
0x00007ffb03480000 - 0x00007ffb034ca000 	C:\WINDOWS\System32\cfgmgr32.dll
0x00007ffb02960000 - 0x00007ffb0296f000 	G:\INSTALLED\AndroidStudio\jre\jre\bin\verify.dll
0x00007ffafc990000 - 0x00007ffafc9b9000 	G:\INSTALLED\AndroidStudio\jre\jre\bin\java.dll
0x00007ffb01220000 - 0x00007ffb01236000 	G:\INSTALLED\AndroidStudio\jre\jre\bin\zip.dll
0x00007ffb05100000 - 0x00007ffb057e7000 	C:\WINDOWS\System32\SHELL32.dll
0x00007ffb04590000 - 0x00007ffb04639000 	C:\WINDOWS\System32\shcore.dll
0x00007ffb03af0000 - 0x00007ffb04270000 	C:\WINDOWS\System32\windows.storage.dll
0x00007ffb03110000 - 0x00007ffb03133000 	C:\WINDOWS\System32\profapi.dll
0x00007ffb03140000 - 0x00007ffb0318a000 	C:\WINDOWS\System32\powrprof.dll
0x00007ffb030e0000 - 0x00007ffb030f0000 	C:\WINDOWS\System32\UMPDC.dll
0x00007ffb050a0000 - 0x00007ffb050f2000 	C:\WINDOWS\System32\shlwapi.dll
0x00007ffb030f0000 - 0x00007ffb03101000 	C:\WINDOWS\System32\kernel.appcore.dll
0x00007ffb031b0000 - 0x00007ffb031c7000 	C:\WINDOWS\System32\cryptsp.dll
0x00007ffb01120000 - 0x00007ffb0113a000 	G:\INSTALLED\AndroidStudio\jre\jre\bin\net.dll
0x00007ffb02250000 - 0x00007ffb022b7000 	C:\WINDOWS\system32\mswsock.dll
0x00007ffb01010000 - 0x00007ffb01023000 	G:\INSTALLED\AndroidStudio\jre\jre\bin\nio.dll
0x00007ffade1f0000 - 0x00007ffade216000 	C:\Users\User\.gradle\native\31\windows-amd64\native-platform.dll
0x00007ffb02920000 - 0x00007ffb0292d000 	G:\INSTALLED\AndroidStudio\jre\jre\bin\management.dll
0x00007ffb01dc0000 - 0x00007ffb01df3000 	C:\WINDOWS\system32\rsaenh.dll
0x00007ffb032b0000 - 0x00007ffb032d6000 	C:\WINDOWS\System32\bcrypt.dll
0x00007ffb02fc0000 - 0x00007ffb02fe5000 	C:\WINDOWS\SYSTEM32\USERENV.dll
0x00007ffb02420000 - 0x00007ffb0242c000 	C:\WINDOWS\SYSTEM32\CRYPTBASE.dll
0x00007ffb01f60000 - 0x00007ffb01f9a000 	C:\WINDOWS\SYSTEM32\IPHLPAPI.DLL
0x00007ffb057f0000 - 0x00007ffb057f8000 	C:\WINDOWS\System32\NSI.dll
0x00007ffafd250000 - 0x00007ffafd266000 	C:\WINDOWS\SYSTEM32\dhcpcsvc6.DLL
0x00007ffafd910000 - 0x00007ffafd92c000 	C:\WINDOWS\SYSTEM32\dhcpcsvc.DLL
0x00007ffb01fb0000 - 0x00007ffb0207b000 	C:\WINDOWS\SYSTEM32\DNSAPI.dll
0x00007ffaf7d10000 - 0x00007ffaf7d34000 	G:\INSTALLED\AndroidStudio\jre\jre\bin\sunec.dll
0x00007ffafa840000 - 0x00007ffafa84a000 	C:\Windows\System32\rasadhlp.dll
0x00007ffafcd50000 - 0x00007ffafcdc7000 	C:\WINDOWS\System32\fwpuclnt.dll
0x00007ffb014f0000 - 0x00007ffb014fb000 	G:\INSTALLED\AndroidStudio\jre\jre\bin\sunmscapi.dll
0x00007ffb034d0000 - 0x00007ffb03619000 	C:\WINDOWS\System32\CRYPT32.dll
0x00007ffb03190000 - 0x00007ffb031a2000 	C:\WINDOWS\System32\MSASN1.dll
0x00007ffb029a0000 - 0x00007ffb02b94000 	C:\WINDOWS\SYSTEM32\dbghelp.dll

VM Arguments:
jvm_args: -Xmx4608M -Dfile.encoding=windows-1252 -Duser.country=IN -Duser.language=en -Duser.variant 
java_command: org.gradle.launcher.daemon.bootstrap.GradleDaemon 6.1.1
java_class_path (initial): C:\Users\User\.gradle\wrapper\dists\gradle-6.1.1-all\cfmwm155h49vnt3hynmlrsdst\gradle-6.1.1\lib\gradle-launcher-6.1.1.jar
Launcher Type: SUN_STANDARD

Environment Variables:
JAVA_HOME=C:\Program Files\Java\jdk1.8.0_73;
PATH=C:\Program Files\Microsoft MPI\Bin\;C:\ProgramData\Oracle\Java\javapath;C:\WINDOWS\system32;C:\WINDOWS;C:\WINDOWS\System32\Wbem;C:\WINDOWS\System32\WindowsPowerShell\v1.0\;C:\WINDOWS\System32\OpenSSH\;C:\Program Files (x86)\Microsoft SQL Server\150\Tools\Binn\;C:\Program Files\Microsoft SQL Server\150\Tools\Binn\;C:\Program Files\Microsoft SQL Server\150\DTS\Binn\;C:\Program Files\Microsoft SQL Server\Client SDK\ODBC\170\Tools\Binn\;C:\Program Files\Java\jdk1.8.0_73\bin\;C:\cygwin64;C:\Program Files\dotnet\;C:\Program Files (x86)\Microsoft SQL Server\110\Tools\Binn\;C:\Program Files\Microsoft SQL Server\110\Tools\Binn\;C:\Program Files\Microsoft SQL Server\110\DTS\Binn\;C:\Program Files (x86)\Microsoft SQL Server\110\Tools\Binn\ManagementStudio\;C:\Program Files (x86)\Microsoft Visual Studio 10.0\Common7\IDE\PrivateAssemblies\;C:\Program Files (x86)\Microsoft SQL Server\110\DTS\Binn\;C:\Program Files\Git\cmd;C:\Users\User\AppData\Local\Microsoft\WindowsApps;C:\Users\User\AppData\Local\GitHubDesktop\bin
USERNAME=User
OS=Windows_NT
PROCESSOR_IDENTIFIER=Intel64 Family 6 Model 60 Stepping 3, GenuineIntel



---------------  S Y S T E M  ---------------

OS: Windows 10.0 , 64 bit Build 18362 (10.0.18362.1082)

CPU:total 4 (initial active 4) (4 cores per cpu, 1 threads per core) family 6 model 60 stepping 3, cmov, cx8, fxsr, mmx, sse, sse2, sse3, ssse3, sse4.1, sse4.2, popcnt, avx, avx2, aes, clmul, erms, lzcnt, tsc, tscinvbit, bmi1, bmi2

Memory: 4k page, physical 8285804k(354316k free), swap 15913492k(3794596k free)

vm_info: OpenJDK 64-Bit Server VM (25.242-b01) for windows-amd64 JRE (1.8.0_242-release-1644-b01), built by "builder" with MS VC++ 10.0 (VS2010)

time: Tue Nov 10 11:20:26 2020
timezone: India Standard Time
elapsed time: 4590 seconds (0d 1h 16m 30s)

